============================= test session starts =============================
platform win32 -- Python 3.13.3, pytest-8.3.5, pluggy-1.5.0
rootdir: C:\Users\fedor\my_project
collected 0 items / 2 errors

=================================== ERRORS ====================================
__________________ ERROR collecting Appp/tests/test_main.py ___________________
ImportError while importing test module 'C:\Users\fedor\my_project\Appp\tests\test_main.py'.
Hint: make sure your test modules/packages have valid Python names.
Traceback:
..\AppData\Local\Programs\Python\Python313\Lib\importlib\__init__.py:88: in import_module
    return _bootstrap._gcd_import(name[level:], package, level)
Appp\tests\test_main.py:1: in <module>
    from main_service.app import app
E   ModuleNotFoundError: No module named 'main_service'
________________ ERROR collecting Appp/tests/test_schedule.py _________________
..\AppData\Local\Programs\Python\Python313\Lib\site-packages\_pytest\python.py:493: in importtestmodule
    mod = import_path(
..\AppData\Local\Programs\Python\Python313\Lib\site-packages\_pytest\pathlib.py:587: in import_path
    importlib.import_module(module_name)
..\AppData\Local\Programs\Python\Python313\Lib\importlib\__init__.py:88: in import_module
    return _bootstrap._gcd_import(name[level:], package, level)
<frozen importlib._bootstrap>:1387: in _gcd_import
    ???
<frozen importlib._bootstrap>:1360: in _find_and_load
    ???
<frozen importlib._bootstrap>:1331: in _find_and_load_unlocked
    ???
<frozen importlib._bootstrap>:935: in _load_unlocked
    ???
..\AppData\Local\Programs\Python\Python313\Lib\site-packages\_pytest\assertion\rewrite.py:176: in exec_module
    source_stat, co = _rewrite_test(fn, self.config)
..\AppData\Local\Programs\Python\Python313\Lib\site-packages\_pytest\assertion\rewrite.py:356: in _rewrite_test
    tree = ast.parse(source, filename=strfn)
..\AppData\Local\Programs\Python\Python313\Lib\ast.py:54: in parse
    return compile(source, filename, mode, flags,
E     File "C:\Users\fedor\my_project\Appp\tests\test_schedule.py", line 3
E       sys.path.append(os.path.dirname(os.path.dirname(os.path.abspath(__file__)))
E                      ^
E   SyntaxError: '(' was never closed
=========================== short test summary info ===========================
ERROR Appp/tests/test_main.py
ERROR Appp/tests/test_schedule.py
!!!!!!!!!!!!!!!!!!! Interrupted: 2 errors during collection !!!!!!!!!!!!!!!!!!!
============================== 2 errors in 0.27s ==============================
